<?xml version="1.0" encoding="UTF-8"?>
<testsuite name="com.example.controller.FizzBuzzControllerTest" tests="4" skipped="0" failures="0" errors="0" timestamp="2024-01-18T16:59:53" hostname="AKSHAY-EGEN" time="0.358">
  <properties/>
  <testcase name="testGenerateFizzBuzzWithInvalidParametersThrowsInvalidRequestException()" classname="com.example.controller.FizzBuzzControllerTest" time="0.14"/>
  <testcase name="testGenerateFizzBuzzWithZeroDivisionExitsGracefully()" classname="com.example.controller.FizzBuzzControllerTest" time="0.071"/>
  <testcase name="testGenerateFizzBuzzReturnsOK()" classname="com.example.controller.FizzBuzzControllerTest" time="0.139"/>
  <testcase name="testGenerateFizzBuzzWithMissingParametersThrowsInvalidRequestException()" classname="com.example.controller.FizzBuzzControllerTest" time="0.005"/>
  <system-out><![CDATA[2024-01-18T22:29:53.196+05:30  INFO 33256 --- [    Test worker] t.c.s.AnnotationConfigContextLoaderUtils : Could not detect default configuration classes for test class [com.example.controller.FizzBuzzControllerTest]: FizzBuzzControllerTest does not declare any static, non-private, non-final, nested classes annotated with @Configuration.
2024-01-18T22:29:53.209+05:30  INFO 33256 --- [    Test worker] .b.t.c.SpringBootTestContextBootstrapper : Found @SpringBootConfiguration com.example.FizzBuzzServerApplication for test class com.example.controller.FizzBuzzControllerTest

  .   ____          _            __ _ _
 /\\ / ___'_ __ _ _(_)_ __  __ _ \ \ \ \
( ( )\___ | '_ | '_| | '_ \/ _` | \ \ \ \
 \\/  ___)| |_)| | | | | || (_| |  ) ) ) )
  '  |____| .__|_| |_|_| |_\__, | / / / /
 =========|_|==============|___/=/_/_/_/
 :: Spring Boot ::                (v3.2.1)

2024-01-18T22:29:53.232+05:30  INFO 33256 --- [    Test worker] c.e.controller.FizzBuzzControllerTest    : Starting FizzBuzzControllerTest using Java 17.0.7 with PID 33256 (started by start in C:\Users\start\OneDrive\Documents\GitHub\FizzBuzzServer)
2024-01-18T22:29:53.233+05:30  INFO 33256 --- [    Test worker] c.e.controller.FizzBuzzControllerTest    : No active profile set, falling back to 1 default profile: "default"
2024-01-18T22:29:53.690+05:30  INFO 33256 --- [    Test worker] o.s.b.t.m.w.SpringBootMockServletContext : Initializing Spring TestDispatcherServlet ''
2024-01-18T22:29:53.691+05:30  INFO 33256 --- [    Test worker] o.s.t.web.servlet.TestDispatcherServlet  : Initializing Servlet ''
2024-01-18T22:29:53.694+05:30  INFO 33256 --- [    Test worker] o.s.b.a.e.web.EndpointLinksResolver      : Exposing 1 endpoint(s) beneath base path '/actuator'
2024-01-18T22:29:53.699+05:30  INFO 33256 --- [    Test worker] o.s.t.web.servlet.TestDispatcherServlet  : Completed initialization in 6 ms
2024-01-18T22:29:53.711+05:30  INFO 33256 --- [    Test worker] c.e.controller.FizzBuzzControllerTest    : Started FizzBuzzControllerTest in 0.498 seconds (process running for 7.263)
2024-01-18T22:29:53.838+05:30  WARN 33256 --- [    Test worker] .w.s.m.s.DefaultHandlerExceptionResolver : Resolved [org.springframework.web.bind.MissingServletRequestParameterException: Required request parameter 'int2' for method parameter type int is not present]
2024-01-18T22:29:54.073+05:30  WARN 33256 --- [    Test worker] .w.s.m.s.DefaultHandlerExceptionResolver : Resolved [org.springframework.web.bind.MissingServletRequestParameterException: Required request parameter 'int2' for method parameter type int is not present]
]]></system-out>
  <system-err><![CDATA[]]></system-err>
</testsuite>
