<!DOCTYPE html>
<html>
<head>
<meta http-equiv="Content-Type" content="text/html; charset=utf-8"/>
<meta http-equiv="x-ua-compatible" content="IE=edge"/>
<title>Test results - FizzBuzzControllerTest</title>
<link href="../css/base-style.css" rel="stylesheet" type="text/css"/>
<link href="../css/style.css" rel="stylesheet" type="text/css"/>
<script src="../js/report.js" type="text/javascript"></script>
</head>
<body>
<div id="content">
<h1>FizzBuzzControllerTest</h1>
<div class="breadcrumbs">
<a href="../index.html">all</a> &gt; 
<a href="../packages/com.example.controller.html">com.example.controller</a> &gt; FizzBuzzControllerTest</div>
<div id="summary">
<table>
<tr>
<td>
<div class="summaryGroup">
<table>
<tr>
<td>
<div class="infoBox" id="tests">
<div class="counter">4</div>
<p>tests</p>
</div>
</td>
<td>
<div class="infoBox" id="failures">
<div class="counter">0</div>
<p>failures</p>
</div>
</td>
<td>
<div class="infoBox" id="ignored">
<div class="counter">0</div>
<p>ignored</p>
</div>
</td>
<td>
<div class="infoBox" id="duration">
<div class="counter">0.355s</div>
<p>duration</p>
</div>
</td>
</tr>
</table>
</div>
</td>
<td>
<div class="infoBox success" id="successRate">
<div class="percent">100%</div>
<p>successful</p>
</div>
</td>
</tr>
</table>
</div>
<div id="tabs">
<ul class="tabLinks">
<li>
<a href="#tab0">Tests</a>
</li>
<li>
<a href="#tab1">Standard output</a>
</li>
</ul>
<div id="tab0" class="tab">
<h2>Tests</h2>
<table>
<thead>
<tr>
<th>Test</th>
<th>Duration</th>
<th>Result</th>
</tr>
</thead>
<tr>
<td class="success">testGenerateFizzBuzzReturnsOK()</td>
<td class="success">0.139s</td>
<td class="success">passed</td>
</tr>
<tr>
<td class="success">testGenerateFizzBuzzWithInvalidParametersThrowsInvalidRequestException()</td>
<td class="success">0.140s</td>
<td class="success">passed</td>
</tr>
<tr>
<td class="success">testGenerateFizzBuzzWithMissingParametersThrowsInvalidRequestException()</td>
<td class="success">0.005s</td>
<td class="success">passed</td>
</tr>
<tr>
<td class="success">testGenerateFizzBuzzWithZeroDivisionExitsGracefully()</td>
<td class="success">0.071s</td>
<td class="success">passed</td>
</tr>
</table>
</div>
<div id="tab1" class="tab">
<h2>Standard output</h2>
<span class="code">
<pre>2024-01-18T22:29:53.196+05:30  INFO 33256 --- [    Test worker] t.c.s.AnnotationConfigContextLoaderUtils : Could not detect default configuration classes for test class [com.example.controller.FizzBuzzControllerTest]: FizzBuzzControllerTest does not declare any static, non-private, non-final, nested classes annotated with @Configuration.
2024-01-18T22:29:53.209+05:30  INFO 33256 --- [    Test worker] .b.t.c.SpringBootTestContextBootstrapper : Found @SpringBootConfiguration com.example.FizzBuzzServerApplication for test class com.example.controller.FizzBuzzControllerTest

  .   ____          _            __ _ _
 /\\ / ___'_ __ _ _(_)_ __  __ _ \ \ \ \
( ( )\___ | '_ | '_| | '_ \/ _` | \ \ \ \
 \\/  ___)| |_)| | | | | || (_| |  ) ) ) )
  '  |____| .__|_| |_|_| |_\__, | / / / /
 =========|_|==============|___/=/_/_/_/
 :: Spring Boot ::                (v3.2.1)

2024-01-18T22:29:53.232+05:30  INFO 33256 --- [    Test worker] c.e.controller.FizzBuzzControllerTest    : Starting FizzBuzzControllerTest using Java 17.0.7 with PID 33256 (started by start in C:\Users\start\OneDrive\Documents\GitHub\FizzBuzzServer)
2024-01-18T22:29:53.233+05:30  INFO 33256 --- [    Test worker] c.e.controller.FizzBuzzControllerTest    : No active profile set, falling back to 1 default profile: &quot;default&quot;
2024-01-18T22:29:53.690+05:30  INFO 33256 --- [    Test worker] o.s.b.t.m.w.SpringBootMockServletContext : Initializing Spring TestDispatcherServlet ''
2024-01-18T22:29:53.691+05:30  INFO 33256 --- [    Test worker] o.s.t.web.servlet.TestDispatcherServlet  : Initializing Servlet ''
2024-01-18T22:29:53.694+05:30  INFO 33256 --- [    Test worker] o.s.b.a.e.web.EndpointLinksResolver      : Exposing 1 endpoint(s) beneath base path '/actuator'
2024-01-18T22:29:53.699+05:30  INFO 33256 --- [    Test worker] o.s.t.web.servlet.TestDispatcherServlet  : Completed initialization in 6 ms
2024-01-18T22:29:53.711+05:30  INFO 33256 --- [    Test worker] c.e.controller.FizzBuzzControllerTest    : Started FizzBuzzControllerTest in 0.498 seconds (process running for 7.263)
2024-01-18T22:29:53.838+05:30  WARN 33256 --- [    Test worker] .w.s.m.s.DefaultHandlerExceptionResolver : Resolved [org.springframework.web.bind.MissingServletRequestParameterException: Required request parameter 'int2' for method parameter type int is not present]
2024-01-18T22:29:54.073+05:30  WARN 33256 --- [    Test worker] .w.s.m.s.DefaultHandlerExceptionResolver : Resolved [org.springframework.web.bind.MissingServletRequestParameterException: Required request parameter 'int2' for method parameter type int is not present]
</pre>
</span>
</div>
</div>
<div id="footer">
<p>
<div>
<label class="hidden" id="label-for-line-wrapping-toggle" for="line-wrapping-toggle">Wrap lines
<input id="line-wrapping-toggle" type="checkbox" autocomplete="off"/>
</label>
</div>Generated by 
<a href="http://www.gradle.org">Gradle 8.5</a> at 18-Jan-2024, 10:29:54 pm</p>
</div>
</div>
</body>
</html>
